{
  "stats": {
    "suites": 1,
    "tests": 2,
    "passes": 2,
    "pending": 0,
    "failures": 0,
    "start": "2022-12-14T13:15:56.454Z",
    "end": "2022-12-14T13:16:03.241Z",
    "duration": 6787,
    "testsRegistered": 2,
    "passPercent": 100,
    "pendingPercent": 0,
    "other": 0,
    "hasOther": false,
    "skipped": 0,
    "hasSkipped": false
  },
  "results": [
    {
      "uuid": "5890dd16-7aef-4c62-8f39-42b8340962dd",
      "title": "",
      "fullFile": "cypress\\e2e\\file-upload-and-download.cy.js",
      "file": "cypress\\e2e\\file-upload-and-download.cy.js",
      "beforeHooks": [],
      "afterHooks": [],
      "tests": [],
      "suites": [
        {
          "uuid": "1a7d9c6c-835a-4592-bdac-28327722968f",
          "title": "File upload and download",
          "fullFile": "",
          "file": "",
          "beforeHooks": [],
          "afterHooks": [],
          "tests": [
            {
              "title": "upload",
              "fullTitle": "File upload and download upload",
              "timedOut": null,
              "duration": 2053,
              "state": "passed",
              "speed": "fast",
              "pass": true,
              "fail": false,
              "pending": false,
              "context": null,
              "code": "cy.visit('https://trytestingthis.netlify.app/');\ncy.get('#myfile').attachFile('marguerite-729510__340.jpg');",
              "err": {},
              "uuid": "783e9d62-edf6-4cc4-9a34-1ea439d855e3",
              "parentUUID": "1a7d9c6c-835a-4592-bdac-28327722968f",
              "isHook": false,
              "skipped": false
            },
            {
              "title": "download",
              "fullTitle": "File upload and download download",
              "timedOut": null,
              "duration": 1504,
              "state": "passed",
              "speed": "fast",
              "pass": true,
              "fail": false,
              "pending": false,
              "context": null,
              "code": "cy.downloadFile('https://upload.wikimedia.org/wikipedia/en/a/a9/Example.jpg', 'mydownloads', 'example.jpg');",
              "err": {},
              "uuid": "e11757f8-5f93-4d72-9833-a12426c1f52f",
              "parentUUID": "1a7d9c6c-835a-4592-bdac-28327722968f",
              "isHook": false,
              "skipped": false
            }
          ],
          "suites": [],
          "passes": [
            "783e9d62-edf6-4cc4-9a34-1ea439d855e3",
            "e11757f8-5f93-4d72-9833-a12426c1f52f"
          ],
          "failures": [],
          "pending": [],
          "skipped": [],
          "duration": 3557,
          "root": false,
          "rootEmpty": false,
          "_timeout": 2000
        }
      ],
      "passes": [],
      "failures": [],
      "pending": [],
      "skipped": [],
      "duration": 0,
      "root": true,
      "rootEmpty": true,
      "_timeout": 2000
    }
  ],
  "meta": {
    "mocha": {
      "version": "7.0.1"
    },
    "mochawesome": {
      "options": {
        "quiet": false,
        "reportFilename": "mochawesome",
        "saveHtml": false,
        "saveJson": true,
        "consoleReporter": "spec",
        "useInlineDiffs": false,
        "code": true
      },
      "version": "7.1.3"
    },
    "marge": {
      "options": {
        "charts": true,
        "overwrite": false,
        "html": false,
        "json": true,
        "reportDir": "cpyress/reports"
      },
      "version": "6.2.0"
    }
  }
}