{
  "stats": {
    "suites": 0,
    "tests": 1,
    "passes": 1,
    "pending": 0,
    "failures": 0,
    "start": "2022-12-30T13:40:34.070Z",
    "end": "2022-12-30T13:41:26.075Z",
    "duration": 52005,
    "testsRegistered": 1,
    "passPercent": 100,
    "pendingPercent": 0,
    "other": 0,
    "hasOther": false,
    "skipped": 0,
    "hasSkipped": false
  },
  "results": [
    {
      "uuid": "e7b66971-1962-4946-9fea-2205bc9ab83d",
      "title": "",
      "fullFile": "cypress\\e2e\\LUMA.cy.js",
      "file": "cypress\\e2e\\LUMA.cy.js",
      "beforeHooks": [],
      "afterHooks": [],
      "tests": [
        {
          "title": "",
          "fullTitle": "",
          "timedOut": null,
          "duration": 49091,
          "state": "passed",
          "speed": "slow",
          "pass": true,
          "fail": false,
          "pending": false,
          "context": null,
          "code": "const luma = new _LUMACLASS.default();\nluma.visit();\n//luma.createAccount(\"huss\",\"amah\",\"www.husseinamadu634@gmail.com\",\"josh@\"+123,\"josh@\"+123)\nluma.signIn(\"www.husseinamadu634@gmail.com\", \"josh@\" + 123);\n//luma.forgetPassword(\"www.husseinamadu634@gmail.com\")\nluma.addTOcart();\nluma.updatesCarts(1);\nluma.viewCart();\nluma.deleteItemsinCarts();",
          "err": {},
          "uuid": "e0341a89-9f7f-45b1-a365-368a33a276b7",
          "parentUUID": "e7b66971-1962-4946-9fea-2205bc9ab83d",
          "isHook": false,
          "skipped": false
        }
      ],
      "suites": [],
      "passes": [
        "e0341a89-9f7f-45b1-a365-368a33a276b7"
      ],
      "failures": [],
      "pending": [],
      "skipped": [],
      "duration": 49091,
      "root": true,
      "rootEmpty": false,
      "_timeout": 2000
    }
  ],
  "meta": {
    "mocha": {
      "version": "7.0.1"
    },
    "mochawesome": {
      "options": {
        "quiet": false,
        "reportFilename": "mochawesome",
        "saveHtml": false,
        "saveJson": true,
        "consoleReporter": "spec",
        "useInlineDiffs": false,
        "code": true
      },
      "version": "7.1.3"
    },
    "marge": {
      "options": {
        "charts": true,
        "overwrite": false,
        "html": false,
        "json": true,
        "reportDir": "cpyress/reports"
      },
      "version": "6.2.0"
    }
  }
}